time="2020-02-10T12:22:23-03:00" level=info msg="Logger Configuration." fields.level=info file=loggers.go func=logging.Init line=102 path=mainnet/logs
time="2020-02-10T12:22:23-03:00" level=info msg="Set compatibility options." AcceptFuncAvailableHeight=225666 DateAvailableHeight=225666 NbreAvailableHeight=2307000 NewNvmExeTimeoutConsumeGasHeight=467500 NvmExeTimeoutHeight="[499301 531698 577307 577316 624835]" NvmMemoryLimitWithoutInjectHeight=306800 RandomAvailableHeight=225666 RecordCallContractResultHeight=225666 TransferFromContractEventRecordableHeight=225666 TransferFromContractFailureHeight=467500 TransferFromContractFailureHeight2=600000 V8JSLibVersionControlHeight=467500 V8JSLibVersionHeightMap="{1.1.0=2188985,1.0.5=467500}" WsResetRecordDependencyHeight=306800 WsResetRecordDependencyHeight2=600000 chain_id=1 file=compatibility.go func=core.SetCompatibilityOptions line=191
time="2020-02-10T12:22:23-03:00" level=info msg="Setuping Neblet..." file=neblet.go func="neblet.(*Neblet).Setup" line=125
time="2020-02-10T12:22:23-03:00" level=info msg="Genesis Configuration." consensus.dpos.dynasty="[n1dRDhQQG7AHqoQWCfwvDpaeS8nycU1zRw9 n1LTKgusVjpgNJusXYBtFpKy58Lx4mNXsED n1bNg99bCLRanDGu5RD7fy9Htq4dskkDTdG n1JEsMkcLW7mQfjGTrLCxw4GU8Bzzf5i1m4 n1Pv2z4fB8BfpvY2k9NYL6vJbqTp78pQNZj n1N7zcs7K57nfd3tZL84NfMhc5QFF29oMss n1XEK1JKWaUACyKxtwZCLsgPDLXeowjNA5V n1XpiRbMYi7P53YoFbiseM9Ca36suaFq9Jz n1TudnqMfbKKiuxnRFUx8oewkv2FnUyVm4B n1WiqafBYemGrMkYSXtEu3xzBDf4N6owFsi n1X95CXS9n4W8vkXDHPPAsLt6sFjBxVV71K n1VxUFhftUfaZL6wRS1SiYTPjr9CsLejrWz n1QEQhvjUdx9DgHVTPt5uGEefWagYqrLwYc n1XrXF1GxgxTwxP2rHBvJehkrSK1PBWifAV n1djyK7fkkakz5eUdkmQC1Bs1cUzEv3EpQV n1MTaCQAnXazrnnawz3GVBC1KNcC7RUGRrg n1MX76d8wSnPT7ZGahbTTiSgnStyXv2Vtjs n1R7Q5kZtFUDM9E3VeN7yCvxtvcvaNmkZun n1SuvRfpvBFbdyApZpRchSqabVBnohg4SV3 n1FPn932a7aJrybbSUJ5q9V9MzXTfojH8nb n1SCj7jcgCHMVDBm6y9muo78uYg8L66svif]" file=blockchain.go func="core.(*BlockChain).CheckGenesisConfig" line=272 meta.chainid=1 token.distribution="[address:\"n1FLRAxzKTGhWg3SE4fq4sf1w1Lh4oVmnoB\" value:\"5000000000000000000000000\"  address:\"n1Fzz2fnrNEJkRiRXCHErZqbEj2ctUQVa4b\" value:\"5000000000000000000000000\"  address:\"n1HjnjfY7W9GxbRqT4tfr56rd8Kxh8rMA7L\" value:\"5000000000000000000000000\"  address:\"n1KxxAuJ1uNqQTDEkzta6SafwU2ggYpomTE\" value:\"5000000000000000000000000\"  address:\"n1NUDSMFs2ngRX4neQu3AcKGXEiXg4x8qHm\" value:\"5000000000000000000000000\"  address:\"n1S5Qav5gKReuY5GfiFsbg1nwRodHRvF9Mc\" value:\"5000000000000000000000000\"  address:\"n1TU357cMrMd2itTwGFNkHbs5r3JyJFKkS7\" value:\"5000000000000000000000000\"  address:\"n1TbUf4CqbG75f4bZRsDserZogq6XiprFFP\" value:\"5000000000000000000000000\"  address:\"n1Td2gUim3fr2hipdRBAfjZEkhfs4q3pubt\" value:\"5000000000000000000000000\"  address:\"n1USD2ikRmYDWqD5tJr4HEStqtLgNEjyRK5\" value:\"5000000000000000000000000\"  address:\"n1VbFmQQFreh9fMy2ucS5zPS2LK3iVUtYjb\" value:\"5000000000000000000000000\"  address:\"n1VrgxAAbVac6G4t9dj4yMk3J7VyQNEBnwD\" value:\"5000000000000000000000000\"  address:\"n1Xnx5T7SgidpbE5i8PtGa1qb5yDLgEgviK\" value:\"5000000000000000000000000\"  address:\"n1XqZHcedsJdUjzKfsxNEYZ6n8u5jWvNypJ\" value:\"5000000000000000000000000\"  address:\"n1YtqGiaXAMfLfeQNsuSgqrv98UVcxu81oN\" value:\"5000000000000000000000000\"  address:\"n1Z7pvUhh5UsuRC3uLZCSESzW33yZ1NXtFf\" value:\"5000000000000000000000000\"  address:\"n1abmmTqJPbPPFrba6JsK8w8T61DxkRqhnW\" value:\"5000000000000000000000000\"  address:\"n1bnJFHRv74T7rqnJCSSstiVz69LW3Z5byc\" value:\"5000000000000000000000000\"  address:\"n1cQ1dga5aiD841UewEDBXPh6qgQy4r1zaj\" value:\"5000000000000000000000000\"  address:\"n1d2ME92Qa3jZBL7onmWN7gFGegcnG933Wo\" value:\"5000000000000000000000000\" ]"
time="2020-02-10T12:22:23-03:00" level=info msg="Tail Block." file=blockchain.go func="core.(*BlockChain).Setup" line=203 tail="{\"height\": 1, \"hash\": \"0000000000000000000000000000000000000000000000000000000000000000\", \"parent_hash\": \"0000000000000000000000000000000000000000000000000000000000000000\", \"acc_root\": \"81135affdb003de66f314adbf791caae76f59ca6710ae0b5e6c22b1e73af4a28\", \"timestamp\": 0, \"tx\": 1, \"miner\": \"\", \"random\": \"\"}"
time="2020-02-10T12:22:23-03:00" level=info msg="Latest Irreversible Block." block="{\"height\": 1, \"hash\": \"0000000000000000000000000000000000000000000000000000000000000000\", \"parent_hash\": \"0000000000000000000000000000000000000000000000000000000000000000\", \"acc_root\": \"81135affdb003de66f314adbf791caae76f59ca6710ae0b5e6c22b1e73af4a28\", \"timestamp\": 0, \"tx\": 1, \"miner\": \"\", \"random\": \"\"}" file=blockchain.go func="core.(*BlockChain).Setup" line=211
time="2020-02-10T12:22:23-03:00" level=info msg="Setuped Neblet." file=neblet.go func="neblet.(*Neblet).Setup" line=192
time="2020-02-10T12:22:23-03:00" level=info msg="Starting Neblet..." file=neblet.go func="neblet.(*Neblet).Start" line=225
time="2020-02-10T12:22:23-03:00" level=info msg="Starting NebService..." file=net_service.go func="net.(*NebService).Start" line=62
time="2020-02-10T12:22:23-03:00" level=info msg="Starting NebService Dispatcher..." file=dispatcher.go func="net.(*Dispatcher).Start" line=87
time="2020-02-10T12:22:23-03:00" level=info msg="Starting NebService Node..." file=node.go func="net.(*Node).Start" line=100
time="2020-02-10T12:22:23-03:00" level=info msg="Starting NebService StreamManager..." file=stream_manager.go func="net.(*StreamManager).Start" line=82
time="2020-02-10T12:22:23-03:00" level=info msg="Started NewService Dispatcher." file=dispatcher.go func="net.(*Dispatcher).loop" line=93
time="2020-02-10T12:22:23-03:00" level=info msg="Started NebService StreamManager." file=stream_manager.go func="net.(*StreamManager).loop" line=196
time="2020-02-10T12:22:23-03:00" level=info msg="Starting NebService RouteTable Sync..." file=route_table.go func="net.(*RouteTable).Start" line=97
time="2020-02-10T12:22:23-03:00" level=info msg="Started NebService Node." file=node.go func="net.(*Node).Start" id=QmVVCBwZBVrqypZR64mExrnVLXxUXB7cz6NkgdEtYj1kQk line=113 listening address="[/ip4/127.0.0.1/tcp/8680 /ip4/192.168.0.4/tcp/8680]"
time="2020-02-10T12:22:23-03:00" level=info msg="Started NebService." file=net_service.go func="net.(*NebService).Start" line=74
time="2020-02-10T12:22:23-03:00" level=info msg="Starting RPC GRPCServer..." file=server.go func="rpc.(*Server).Start" line=93
time="2020-02-10T12:22:23-03:00" level=info msg="Started RPC GRPCServer." address="127.0.0.1:8684" file=server.go func="rpc.(*Server).start" line=120
time="2020-02-10T12:22:23-03:00" level=info msg="Starting RPC Gateway GRPCServer..." file=server.go func="rpc.(*Server).RunGateway" http-cors="[]" http-server="[127.0.0.1:8685]" line=148 rpc-server="127.0.0.1:8684"
time="2020-02-10T12:22:23-03:00" level=info msg="Starting BlockChain..." file=blockchain.go func="core.(*BlockChain).Start" line=218
time="2020-02-10T12:22:23-03:00" level=info msg="Starting BlockPool..." file=block_pool.go func="core.(*BlockPool).Start" line=105 size=128
time="2020-02-10T12:22:23-03:00" level=info msg="Starting TransactionPool..." file=transaction_pool.go func="core.(*TransactionPool).Start" line=142 size=327680
time="2020-02-10T12:22:23-03:00" level=info msg="Starting EventEmitter..." file=event.go func="core.(*EventEmitter).Start" line=102 size=40960
time="2020-02-10T12:22:23-03:00" level=info msg="Starting Sync Service." file=sync_service.go func="sync.(*Service).Start" line=71
time="2020-02-10T12:22:23-03:00" level=info msg="Started Active Sync Task." file=sync_service.go func="sync.(*Service).StartActiveSync" line=111 syncpoint="{\"height\": 1, \"hash\": \"0000000000000000000000000000000000000000000000000000000000000000\", \"parent_hash\": \"0000000000000000000000000000000000000000000000000000000000000000\", \"acc_root\": \"81135affdb003de66f314adbf791caae76f59ca6710ae0b5e6c22b1e73af4a28\", \"timestamp\": 0, \"tx\": 1, \"miner\": \"\", \"random\": \"\"}"
time="2020-02-10T12:22:23-03:00" level=info msg="Suspended Dpos Mining." file=dpos.go func="dpos.(*Dpos).SuspendMining" line=271
time="2020-02-10T12:22:23-03:00" level=info msg="Started Neblet." file=neblet.go func="neblet.(*Neblet).Start" line=294
time="2020-02-10T12:22:23-03:00" level=info msg="Started TransactionPool." file=transaction_pool.go func="core.(*TransactionPool).loop" line=159 size=327680
time="2020-02-10T12:22:23-03:00" level=info msg="Started Sync Service." file=sync_service.go func="sync.(*Service).startLoop" line=150
time="2020-02-10T12:22:23-03:00" level=info msg="Started BlockPool." file=block_pool.go func="core.(*BlockPool).loop" line=242
time="2020-02-10T12:22:23-03:00" level=warning msg="Failed to open Route Table Cache file." cacheFilePath=mainnet/data.db/routetable.cache err="open mainnet/data.db/routetable.cache: no such file or directory" file=route_table.go func="net.(*RouteTable).LoadRouteTableFromFile" line=289
time="2020-02-10T12:22:23-03:00" level=warning msg="Failed to open internal list file." err="open conf/internal_list.txt: no such file or directory" file=route_table.go func="net.(*RouteTable).LoadInternalNodeList" line=411
time="2020-02-10T12:22:23-03:00" level=info msg="Started BlockChain." file=blockchain.go func="core.(*BlockChain).loop" line=229
time="2020-02-10T12:22:23-03:00" level=info msg="Started EventEmitter." file=event.go func="core.(*EventEmitter).loop" line=146
time="2020-02-10T12:22:23-03:00" level=info msg="Started NebService RouteTable Sync." file=route_table.go func="net.(*RouteTable).syncLoop" line=127
time="2020-02-10T12:22:23-03:00" level=info msg="Starting ChainSync at 0 times." file=sync_task.go func="sync.(*Task).chunkHeadersRequest" line=227 syncPointBlockHash=0000000000000000000000000000000000000000000000000000000000000000 syncPointBlockHeight=1
time="2020-02-10T12:22:26-03:00" level=info msg="Stopping Neblet..." file=neblet.go func="neblet.(*Neblet).Stop" line=304
time="2020-02-10T12:22:26-03:00" level=info msg="Stopping EventEmitter..." file=event.go func="core.(*EventEmitter).Stop" line=111 size=40960
time="2020-02-10T12:22:26-03:00" level=info msg="Stop TransactionPool." file=transaction_pool.go func="core.(*TransactionPool).Stop" line=151 size=327680
time="2020-02-10T12:22:26-03:00" level=info msg="Stopped sync loop." file=sync_task.go func="sync.(*Task).startSyncLoop" line=128
time="2020-02-10T12:22:26-03:00" level=info msg="Stopping BlockPool..." file=block_pool.go func="core.(*BlockPool).Stop" line=114 size=128
time="2020-02-10T12:22:26-03:00" level=info msg="Stopping BlockChain..." file=blockchain.go func="core.(*BlockChain).Stop" line=224
time="2020-02-10T12:22:26-03:00" level=info msg="Stopping RPC GRPCServer and Gateway..." file=server.go func="rpc.(*Server).Stop" line=165 listen="[127.0.0.1:8684]"
time="2020-02-10T12:22:26-03:00" level=info msg="Stopped RPC GRPCServer and Gateway." file=server.go func="rpc.(*Server).Stop" line=167
time="2020-02-10T12:22:26-03:00" level=info msg="Stopping NebService..." file=net_service.go func="net.(*NebService).Stop" line=81
time="2020-02-10T12:22:26-03:00" level=info msg="Stopping NebService Node..." file=node.go func="net.(*Node).Stop" id=QmVVCBwZBVrqypZR64mExrnVLXxUXB7cz6NkgdEtYj1kQk line=123 listening address="[/ip4/127.0.0.1/tcp/8680 /ip4/192.168.0.4/tcp/8680]"
time="2020-02-10T12:22:26-03:00" level=info msg="Stopping NebService RouteTable Sync..." file=route_table.go func="net.(*RouteTable).Stop" line=104
time="2020-02-10T12:22:26-03:00" level=info msg="Stopped Sync Service." file=sync_service.go func="sync.(*Service).startLoop" line=161
time="2020-02-10T12:22:26-03:00" level=info msg="Stopped EventEmitter." file=event.go func="core.(*EventEmitter).loop" line=153
time="2020-02-10T12:22:26-03:00" level=info msg="Stopped TransactionPool." file=transaction_pool.go func="core.(*TransactionPool).loop" line=177 size=327680
time="2020-02-10T12:22:26-03:00" level=info msg="Stopped BlockPool." file=block_pool.go func="core.(*BlockPool).loop" line=251
time="2020-02-10T12:22:26-03:00" level=info msg="Stopped BlockChain." file=blockchain.go func="core.(*BlockChain).loop" line=234
time="2020-02-10T12:22:26-03:00" level=info msg="Stopped NebService RouteTable Sync." file=route_table.go func="net.(*RouteTable).syncLoop" line=135
time="2020-02-10T12:22:26-03:00" level=info msg="Stopping NebService StreamManager..." file=stream_manager.go func="net.(*StreamManager).Stop" line=89
time="2020-02-10T12:22:26-03:00" level=info msg="Stopping NebService Dispatcher..." file=dispatcher.go func="net.(*Dispatcher).Stop" line=128
time="2020-02-10T12:22:26-03:00" level=info msg="Stopped Neblet." file=neblet.go func="neblet.(*Neblet).Stop" line=352
